#
# There is insufficient memory for the Java Runtime Environment to continue.
# Native memory allocation (mmap) failed to map 536870912 bytes for G1 virtual space
# Possible reasons:
#   The system is out of physical RAM or swap space
#   The process is running with CompressedOops enabled, and the Java Heap may be blocking the growth of the native heap
# Possible solutions:
#   Reduce memory load on the system
#   Increase physical memory or swap space
#   Check if swap backing store is full
#   Decrease Java heap size (-Xmx/-Xms)
#   Decrease number of Java threads
#   Decrease Java thread stack sizes (-Xss)
#   Set larger code cache with -XX:ReservedCodeCacheSize=
#   JVM is running with Zero Based Compressed Oops mode in which the Java heap is
#     placed in the first 32GB address space. The Java Heap base address is the
#     maximum limit for the native heap growth. Please use -XX:HeapBaseMinAddress
#     to set the Java Heap base and to place the Java Heap above 32GB virtual address.
# This output file may be truncated or incomplete.
#
#  Out of Memory Error (os_windows.cpp:3825), pid=183648, tid=183668
#
# JRE version:  (17.0.10+1) (build )
# Java VM: OpenJDK 64-Bit Server VM (17.0.10+1-b1207.14, mixed mode, sharing, tiered, compressed oops, compressed class ptrs, g1 gc, windows-amd64)
# No core dump will be written. Minidumps are not enabled by default on client versions of Windows
#

---------------  S U M M A R Y ------------

Command Line: git4idea.http.GitAskPassApp Username for 'https://github.com': 

Host: AMD Ryzen 5 5600X 6-Core Processor             , 12 cores, 31G,  Windows 11 , 64 bit Build 22621 (10.0.22621.3672)
Time: Thu Jun 27 10:33:19 2024  Windows 11 , 64 bit Build 22621 (10.0.22621.3672) elapsed time: 0.007489 seconds (0d 0h 0m 0s)

---------------  T H R E A D  ---------------

Current thread (0x000001bc7836ee90):  JavaThread "Unknown thread" [_thread_in_vm, id=183668, stack(0x0000009088700000,0x0000009088800000)]

Stack: [0x0000009088700000,0x0000009088800000]
Native frames: (J=compiled Java code, j=interpreted, Vv=VM code, C=native code)
V  [jvm.dll+0x687989]
V  [jvm.dll+0x84116a]
V  [jvm.dll+0x842dae]
V  [jvm.dll+0x843413]
V  [jvm.dll+0x249ccf]
V  [jvm.dll+0x684759]
V  [jvm.dll+0x67900a]
V  [jvm.dll+0x30ab0b]
V  [jvm.dll+0x311fb6]
V  [jvm.dll+0x361d5e]
V  [jvm.dll+0x361f8f]
V  [jvm.dll+0x2e07f8]
V  [jvm.dll+0x2e1764]
V  [jvm.dll+0x811c31]
V  [jvm.dll+0x36fc11]
V  [jvm.dll+0x7f0666]
V  [jvm.dll+0x3f3daf]
V  [jvm.dll+0x3f5a41]
C  [jli.dll+0x528f]
C  [ucrtbase.dll+0x29333]
C  [KERNEL32.DLL+0x1257d]
C  [ntdll.dll+0x5af28]


---------------  P R O C E S S  ---------------

Threads class SMR info:
_java_thread_list=0x00007ffd5f67df58, length=0, elements={
}

Java Threads: ( => current thread )

Other Threads:
  0x000001bc7841d850 GCTaskThread "GC Thread#0" [stack: 0x0000009088800000,0x0000009088900000] [id=183672]
  0x000001bc7841e770 ConcurrentGCThread "G1 Main Marker" [stack: 0x0000009088900000,0x0000009088a00000] [id=183676]
  0x000001bc7f0409c0 ConcurrentGCThread "G1 Conc#0" [stack: 0x0000009088a00000,0x0000009088b00000] [id=183680]

[error occurred during error reporting (printing all threads), id 0xc0000005, EXCEPTION_ACCESS_VIOLATION (0xc0000005) at pc=0x00007ffd5ee313c7]

VM state: not at safepoint (not fully initialized)

VM Mutex/Monitor currently owned by a thread:  ([mutex/lock_event])
[0x000001bc7836a2c0] Heap_lock - owner thread: 0x000001bc7836ee90

Heap address: 0x0000000601c00000, size: 8164 MB, Compressed Oops mode: Zero based, Oop shift amount: 3

CDS archive(s) mapped at: [0x0000000000000000-0x0000000000000000-0x0000000000000000), size 0, SharedBaseAddress: 0x0000000800000000, ArchiveRelocationMode: 1.
Narrow klass base: 0x0000000000000000, Narrow klass shift: 0, Narrow klass range: 0x0

GC Precious Log:
<Empty>

Heap:
 garbage-first heap   total 0K, used 0K [0x0000000601c00000, 0x0000000800000000)
  region size 4096K, 0 young (0K), 0 survivors (0K)
 Metaspace       used 0K, committed 0K, reserved 0K
  class space    used 0K, committed 0K, reserved 0K

Heap Regions: E=young(eden), S=young(survivor), O=old, HS=humongous(starts), HC=humongous(continues), CS=collection set, F=free, OA=open archive, CA=closed archive, TAMS=top-at-mark-start (previous, next)

Card table byte_map: [0x000001bc7d030000,0x000001bc7e030000] _byte_map_base: 0x000001bc7a022000

Marking Bits (Prev, Next): (CMBitMap*) 0x000001bc7841de70, (CMBitMap*) 0x000001bc7841deb0
 Prev Bits: [0x000001bc0f000000, 0x000001bc16f90000)
 Next Bits: [0x000001bc16f90000, 0x000001bc1ef20000)

GC Heap History (0 events):
No events

Dll operation events (1 events):
Event: 0.005 Loaded shared library C:\Users\bakud\AppData\Local\JetBrains\JetBrains Rider 2023.2.1\jbr\bin\java.dll

Deoptimization events (0 events):
No events

Classes unloaded (0 events):
No events

Classes redefined (0 events):
No events

Internal exceptions (0 events):
No events

VM Operations (0 events):
No events

Events (0 events):
No events


Dynamic libraries:
0x00007ff64d090000 - 0x00007ff64d09a000 	C:\Users\bakud\AppData\Local\JetBrains\JetBrains Rider 2023.2.1\jbr\bin\java.exe
0x00007ffda90b0000 - 0x00007ffda92c7000 	C:\WINDOWS\SYSTEM32\ntdll.dll
0x00007ffda6f40000 - 0x00007ffda7004000 	C:\WINDOWS\System32\KERNEL32.DLL
0x00007ffda6830000 - 0x00007ffda6bdc000 	C:\WINDOWS\System32\KERNELBASE.dll
0x00007ffda6be0000 - 0x00007ffda6cf1000 	C:\WINDOWS\System32\ucrtbase.dll
0x00007ffd9cbe0000 - 0x00007ffd9cbfb000 	C:\Users\bakud\AppData\Local\JetBrains\JetBrains Rider 2023.2.1\jbr\bin\VCRUNTIME140.dll
0x00007ffd6f2c0000 - 0x00007ffd6f2d7000 	C:\Users\bakud\AppData\Local\JetBrains\JetBrains Rider 2023.2.1\jbr\bin\jli.dll
0x00007ffda8740000 - 0x00007ffda88ee000 	C:\WINDOWS\System32\USER32.dll
0x00007ffd87c60000 - 0x00007ffd87ef3000 	C:\WINDOWS\WinSxS\amd64_microsoft.windows.common-controls_6595b64144ccf1df_6.0.22621.3672_none_2713b9d173822955\COMCTL32.dll
0x00007ffda6760000 - 0x00007ffda6786000 	C:\WINDOWS\System32\win32u.dll
0x00007ffda8920000 - 0x00007ffda89c7000 	C:\WINDOWS\System32\msvcrt.dll
0x00007ffda6e10000 - 0x00007ffda6e39000 	C:\WINDOWS\System32\GDI32.dll
0x00007ffda6640000 - 0x00007ffda6759000 	C:\WINDOWS\System32\gdi32full.dll
0x00007ffda6790000 - 0x00007ffda682a000 	C:\WINDOWS\System32\msvcp_win.dll
0x00007ffda6e40000 - 0x00007ffda6e71000 	C:\WINDOWS\System32\IMM32.DLL
0x00007ffda3500000 - 0x00007ffda350c000 	C:\Users\bakud\AppData\Local\JetBrains\JetBrains Rider 2023.2.1\jbr\bin\vcruntime140_1.dll
0x00007ffd6d930000 - 0x00007ffd6d9bd000 	C:\Users\bakud\AppData\Local\JetBrains\JetBrains Rider 2023.2.1\jbr\bin\msvcp140.dll
0x00007ffd5eb40000 - 0x00007ffd5f7c2000 	C:\Users\bakud\AppData\Local\JetBrains\JetBrains Rider 2023.2.1\jbr\bin\server\jvm.dll
0x00007ffda6e80000 - 0x00007ffda6f32000 	C:\WINDOWS\System32\ADVAPI32.dll
0x00007ffda8af0000 - 0x00007ffda8b9a000 	C:\WINDOWS\System32\sechost.dll
0x00007ffda6dc0000 - 0x00007ffda6de8000 	C:\WINDOWS\System32\bcrypt.dll
0x00007ffda89d0000 - 0x00007ffda8ae5000 	C:\WINDOWS\System32\RPCRT4.dll
0x00007ffda5c60000 - 0x00007ffda5cad000 	C:\WINDOWS\SYSTEM32\POWRPROF.dll
0x00007ffd98970000 - 0x00007ffd98979000 	C:\WINDOWS\SYSTEM32\WSOCK32.dll
0x00007ffd9b5d0000 - 0x00007ffd9b604000 	C:\WINDOWS\SYSTEM32\WINMM.dll
0x00007ffd9e760000 - 0x00007ffd9e76a000 	C:\WINDOWS\SYSTEM32\VERSION.dll
0x00007ffda7930000 - 0x00007ffda79a1000 	C:\WINDOWS\System32\WS2_32.dll
0x00007ffda5c20000 - 0x00007ffda5c33000 	C:\WINDOWS\SYSTEM32\UMPDC.dll
0x00007ffda53d0000 - 0x00007ffda53e8000 	C:\WINDOWS\SYSTEM32\kernel.appcore.dll
0x00007ffd98960000 - 0x00007ffd9896a000 	C:\Users\bakud\AppData\Local\JetBrains\JetBrains Rider 2023.2.1\jbr\bin\jimage.dll
0x00007ffd9dd10000 - 0x00007ffd9df42000 	C:\WINDOWS\SYSTEM32\DBGHELP.DLL
0x00007ffda8c30000 - 0x00007ffda8fb8000 	C:\WINDOWS\System32\combase.dll
0x00007ffda7df0000 - 0x00007ffda7ec7000 	C:\WINDOWS\System32\OLEAUT32.dll
0x00007ffd9dcd0000 - 0x00007ffd9dd02000 	C:\WINDOWS\SYSTEM32\dbgcore.DLL
0x00007ffda6550000 - 0x00007ffda65cb000 	C:\WINDOWS\System32\bcryptPrimitives.dll
0x00007ffd8f8c0000 - 0x00007ffd8f8e5000 	C:\Users\bakud\AppData\Local\JetBrains\JetBrains Rider 2023.2.1\jbr\bin\java.dll

dbghelp: loaded successfully - version: 4.0.5 - missing functions: none
symbol engine: initialized successfully - sym options: 0x614 - pdb path: .;C:\Users\bakud\AppData\Local\JetBrains\JetBrains Rider 2023.2.1\jbr\bin;C:\WINDOWS\SYSTEM32;C:\WINDOWS\WinSxS\amd64_microsoft.windows.common-controls_6595b64144ccf1df_6.0.22621.3672_none_2713b9d173822955;C:\Users\bakud\AppData\Local\JetBrains\JetBrains Rider 2023.2.1\jbr\bin\server

VM Arguments:
java_command: git4idea.http.GitAskPassApp Username for 'https://github.com': 
java_class_path (initial): C:/Users/bakud/AppData/Local/JetBrains/JetBrains Rider 2023.2.1/plugins/vcs-git/lib/git4idea-rt.jar;C:/Users/bakud/AppData/Local/JetBrains/JetBrains Rider 2023.2.1/lib/externalProcess-rt.jar
Launcher Type: SUN_STANDARD

[Global flags]
     intx CICompilerCount                          = 4                                         {product} {ergonomic}
     uint ConcGCThreads                            = 3                                         {product} {ergonomic}
     uint G1ConcRefinementThreads                  = 10                                        {product} {ergonomic}
   size_t G1HeapRegionSize                         = 4194304                                   {product} {ergonomic}
    uintx GCDrainStackTargetSize                   = 64                                        {product} {ergonomic}
   size_t InitialHeapSize                          = 536870912                                 {product} {ergonomic}
   size_t MarkStackSize                            = 4194304                                   {product} {ergonomic}
   size_t MaxHeapSize                              = 8560574464                                {product} {ergonomic}
   size_t MinHeapDeltaBytes                        = 4194304                                   {product} {ergonomic}
   size_t MinHeapSize                              = 8388608                                   {product} {ergonomic}
    uintx NonNMethodCodeHeapSize                   = 5839372                                {pd product} {ergonomic}
    uintx NonProfiledCodeHeapSize                  = 122909434                              {pd product} {ergonomic}
    uintx ProfiledCodeHeapSize                     = 122909434                              {pd product} {ergonomic}
    uintx ReservedCodeCacheSize                    = 251658240                              {pd product} {ergonomic}
     bool SegmentedCodeCache                       = true                                      {product} {ergonomic}
   size_t SoftMaxHeapSize                          = 8560574464                             {manageable} {ergonomic}
     bool UseCompressedClassPointers               = true                           {product lp64_product} {ergonomic}
     bool UseCompressedOops                        = true                           {product lp64_product} {ergonomic}
     bool UseG1GC                                  = true                                      {product} {ergonomic}
     bool UseLargePagesIndividualAllocation        = false                                  {pd product} {ergonomic}

Logging:
Log output configuration:
 #0: stdout all=warning uptime,level,tags
 #1: stderr all=off uptime,level,tags

Environment Variables:
PATH=C:\Program Files\Git\mingw64\libexec\git-core;C:\Program Files\Git\mingw64\libexec\git-core;C:\Program Files\Git\mingw64\bin;C:\Program Files\Git\usr\bin;C:\Users\bakud\bin;C:\Program Files\Microsoft MPI\Bin;C:\Program Files (x86)\Common Files\Oracle\Java\javapath;C:\Windows\system32;C:\Windows;C:\Windows\System32\Wbem;C:\Windows\System32\WindowsPowerShell\v1.0;C:\Windows\System32\OpenSSH;C:\Program Files\dotnet;C:\Program Files\NVIDIA Corporation\NVIDIA NvDLISR;C:\Program Files (x86)\NVIDIA Corporation\PhysX\Common;C:\WINDOWS\system32;C:\WINDOWS;C:\WINDOWS\System32\Wbem;C:\WINDOWS\System32\WindowsPowerShell\v1.0;C:\WINDOWS\System32\OpenSSH;C:\Program Files\Git\cmd;C:\Git\cmd;C:\Program Files\Microsoft SQL Server\150\Tools\Binn;C:\Program Files\Microsoft SQL Server\Client SDK\ODBC\170\Tools\Binn;C:\Program Files (x86)\Microsoft SQL Server\160\DTS\Binn;C:\Program Files\Azure Data Studio\bin;C:\Program Files (x86)\Microsoft SQL Server\160\Tools\Binn;C:\Program Files\Microsoft SQL Server\160\Tools\Binn;C:\Program Files\Microsoft SQL Server\160\DTS\Binn;C:\Program Files\Docker\Docker\resources\bin;C:\Program Files\nodejs;C:\Users\bakud\AppData\Local\Microsoft\WindowsApps;C:\Program Files\JetBrains\PyCharm Community Edition 2022.2.2\bin;C:\Users\bakud\.dotnet\tools;C:\Program Files\Azure Data Studio\bin;C:\Users\bakud\AppData\Local\Microsoft\WinGet\Links;C:\Users\bakud\AppData\Roaming\npm
USERNAME=bakud
DISPLAY=:0.0
LC_ALL=en_US.UTF-8
TERM=xterm-256color
TMPDIR=C:\Users\bakud\AppData\Local\Temp
OS=Windows_NT
PROCESSOR_IDENTIFIER=AMD64 Family 25 Model 33 Stepping 2, AuthenticAMD
TMP=C:\Users\bakud\AppData\Local\Temp
TEMP=C:\Users\bakud\AppData\Local\Temp



Periodic native trim disabled

JNI global refs:
JNI global refs: 0, weak refs: 0

JNI global refs memory usage: 0, weak refs: 0

OOME stack traces (most recent first):
Classloader memory used:


---------------  S Y S T E M  ---------------

OS:
 Windows 11 , 64 bit Build 22621 (10.0.22621.3672)
OS uptime: 12 days 7:03 hours
Hyper-V role detected

CPU: total 12 (initial active 12) (12 cores per cpu, 2 threads per core) family 25 model 33 stepping 2 microcode 0x0, cx8, cmov, fxsr, ht, mmx, 3dnowpref, sse, sse2, sse3, ssse3, sse4a, sse4.1, sse4.2, popcnt, lzcnt, tsc, tscinvbit, avx, avx2, aes, erms, clmul, bmi1, bmi2, adx, sha, fma, vzeroupper, clflush, clflushopt, hv
Processor Information for all 12 processors :
  Max Mhz: 3701, Current Mhz: 3701, Mhz Limit: 3701

Memory: 4k page, system-wide physical 32653M (6856M free)
TotalPageFile size 92179M (AvailPageFile size 456M)
current process WorkingSet (physical memory assigned to process): 11M, peak: 11M
current process commit charge ("private bytes"): 64M, peak: 576M

vm_info: OpenJDK 64-Bit Server VM (17.0.10+1-b1207.14) for windows-amd64 JRE (17.0.10+1-b1207.14), built on 2024-04-05 by "builduser" with MS VC++ 16.10 / 16.11 (VS2019)

END.
